\BOOKMARK [0][-]{chapter.5}{\376\377\0001\000\040\000I\000n\000t\000r\000o\000d\000u\000c\000t\000i\000o\000n}{}% 1
\BOOKMARK [1][-]{section.6}{\376\377\0001\000.\0001\000\040\000B\000i\000o\000l\000o\000g\000i\000c\000a\000l\000\040\000I\000n\000s\000p\000i\000r\000a\000t\000i\000o\000n}{chapter.5}% 2
\BOOKMARK [1][-]{section.7}{\376\377\0001\000.\0002\000\040\000E\000x\000i\000s\000t\000i\000n\000g\000\040\000T\000e\000c\000h\000n\000o\000l\000o\000g\000i\000e\000s}{chapter.5}% 3
\BOOKMARK [1][-]{section.8}{\376\377\0001\000.\0003\000\040\000P\000r\000o\000j\000e\000c\000t\000\040\000S\000p\000e\000c\000i\000f\000i\000c\000a\000t\000i\000o\000n}{chapter.5}% 4
\BOOKMARK [0][-]{chapter.9}{\376\377\0002\000\040\000S\000y\000s\000t\000e\000m\000\040\000O\000v\000e\000r\000v\000i\000e\000w}{}% 5
\BOOKMARK [0][-]{chapter.10}{\376\377\0003\000\040\000E\000l\000e\000c\000t\000r\000o\000m\000e\000c\000h\000a\000n\000i\000c\000a\000l\000\040\000D\000e\000s\000i\000g\000n}{}% 6
\BOOKMARK [1][-]{section.11}{\376\377\0003\000.\0001\000\040\000S\000e\000r\000v\000o}{chapter.10}% 7
\BOOKMARK [1][-]{section.12}{\376\377\0003\000.\0002\000\040\000C\000h\000a\000s\000s\000i\000s}{chapter.10}% 8
\BOOKMARK [1][-]{section.13}{\376\377\0003\000.\0003\000\040\000P\000r\000o\000t\000o\000t\000y\000p\000i\000n\000g}{chapter.10}% 9
\BOOKMARK [1][-]{section.14}{\376\377\0003\000.\0004\000\040\000S\000u\000b\000s\000e\000c\000t\000i\000o\000n\000s}{chapter.10}% 10
\BOOKMARK [1][-]{section.15}{\376\377\0003\000.\0005\000\040\000S\000u\000m\000m\000a\000r\000y\000\040\000e\000t\000c}{chapter.10}% 11
\BOOKMARK [0][-]{chapter.16}{\376\377\0004\000\040\000M\000o\000d\000u\000l\000e\000\040\000E\000l\000e\000c\000t\000r\000o\000n\000i\000c\000s\000\040\000D\000e\000s\000i\000g\000n}{}% 12
\BOOKMARK [1][-]{section.17}{\376\377\0004\000.\0001\000\040\000O\000v\000e\000r\000v\000i\000e\000w}{chapter.16}% 13
\BOOKMARK [1][-]{section.18}{\376\377\0004\000.\0002\000\040\000C\000o\000m\000m\000u\000n\000i\000c\000a\000t\000i\000o\000n}{chapter.16}% 14
\BOOKMARK [1][-]{section.19}{\376\377\0004\000.\0003\000\040\000S\000e\000n\000s\000o\000r\000s}{chapter.16}% 15
\BOOKMARK [1][-]{section.20}{\376\377\0004\000.\0004\000\040\000P\000C\000B\000\040\000D\000e\000s\000i\000g\000n}{chapter.16}% 16
\BOOKMARK [2][-]{subsection.21}{\376\377\0004\000.\0004\000.\0001\000\040\000A\000d\000v\000a\000n\000t\000a\000g\000e\000s\000\040\000o\000f\000\040\000P\000C\000B\000\040\000D\000e\000s\000i\000g\000n}{section.20}% 17
\BOOKMARK [2][-]{subsection.22}{\376\377\0004\000.\0004\000.\0002\000\040\000C\000o\000n\000s\000t\000r\000a\000i\000n\000t\000s}{section.20}% 18
\BOOKMARK [2][-]{subsection.24}{\376\377\0004\000.\0004\000.\0003\000\040\000D\000e\000s\000i\000g\000n}{section.20}% 19
\BOOKMARK [1][-]{section.27}{\376\377\0004\000.\0005\000\040\000S\000u\000m\000m\000a\000r\000y\000\040\000e\000t\000c}{chapter.16}% 20
\BOOKMARK [0][-]{chapter.28}{\376\377\0005\000\040\000S\000i\000m\000u\000l\000a\000t\000i\000o\000n}{}% 21
\BOOKMARK [1][-]{section.29}{\376\377\0005\000.\0001\000\040\000O\000v\000e\000r\000v\000i\000e\000w}{chapter.28}% 22
\BOOKMARK [1][-]{section.30}{\376\377\0005\000.\0002\000\040\000M\000o\000d\000e\000l\000l\000i\000n\000g}{chapter.28}% 23
\BOOKMARK [1][-]{section.31}{\376\377\0005\000.\0003\000\040\000M\000o\000v\000e\000m\000e\000n\000t}{chapter.28}% 24
\BOOKMARK [1][-]{section.32}{\376\377\0005\000.\0004\000\040\000C\000o\000m\000m\000u\000n\000i\000c\000a\000t\000i\000o\000n}{chapter.28}% 25
\BOOKMARK [1][-]{section.33}{\376\377\0005\000.\0005\000\040\000G\000a\000i\000t\000s}{chapter.28}% 26
\BOOKMARK [1][-]{section.34}{\376\377\0005\000.\0006\000\040\000S\000u\000m\000m\000a\000r\000y\000\040\000e\000t\000c}{chapter.28}% 27
\BOOKMARK [0][-]{chapter.35}{\376\377\0006\000\040\000R\000e\000s\000u\000l\000t\000s}{}% 28
\BOOKMARK [0][-]{chapter.36}{\376\377\0007\000\040\000P\000r\000o\000j\000e\000c\000t\000\040\000M\000a\000n\000a\000g\000e\000m\000e\000n\000t}{}% 29
\BOOKMARK [0][-]{chapter.37}{\376\377\0008\000\040\000C\000o\000n\000c\000l\000u\000s\000i\000o\000n\000s}{}% 30
\BOOKMARK [0][-]{chapter.38}{\376\377\0009\000\040\000F\000u\000r\000t\000h\000e\000r\000\040\000W\000o\000r\000k}{}% 31
\BOOKMARK [0][-]{appendix.39}{\376\377\000A\000\040\000B\000r\000e\000a\000k\000d\000o\000w\000n\000\040\000o\000f\000\040\000L\000a\000b\000o\000u\000r}{}% 32
\BOOKMARK [0][-]{appendix.40}{\376\377\000B\000\040\000M\000i\000n\000u\000t\000e\000s}{}% 33
\BOOKMARK [0][-]{appendix.41}{\376\377\000C\000\040\000B\000u\000d\000g\000e\000t}{}% 34
\BOOKMARK [0][-]{appendix.42}{\376\377\000D\000\040\000G\000a\000n\000t\000t\000\040\000C\000h\000a\000r\000t\000s}{}% 35
\BOOKMARK [0][-]{dummy.43}{\376\377\000B\000i\000b\000l\000i\000o\000g\000r\000a\000p\000h\000y}{}% 36
